0 info it worked if it ends with ok
1 verbose cli [ '/usr/bin/nodejs', '/usr/bin/npm', 'install', 'sleep', '--save' ]
2 info using npm@3.5.2
3 info using node@v4.2.6
4 silly loadCurrentTree Starting
5 silly install loadCurrentTree
6 silly install readLocalPackageData
7 silly fetchPackageMetaData sleep
8 silly fetchNamedPackageData sleep
9 silly mapToRegistry name sleep
10 silly mapToRegistry using default registry
11 silly mapToRegistry registry https://registry.npmjs.org/
12 silly mapToRegistry uri https://registry.npmjs.org/sleep
13 verbose request uri https://registry.npmjs.org/sleep
14 verbose request no auth needed
15 info attempt registry request try #1 at 5:09:36 PM
16 verbose request id fd9119e7b6677894
17 http request GET https://registry.npmjs.org/sleep
18 http 200 https://registry.npmjs.org/sleep
19 verbose headers { server: 'nginx/1.10.1',
19 verbose headers   'content-type': 'application/json',
19 verbose headers   'last-modified': 'Mon, 17 Apr 2017 15:10:54 GMT',
19 verbose headers   etag: 'W/"58f4dafe-56ea"',
19 verbose headers   'content-encoding': 'gzip',
19 verbose headers   'cache-control': 'max-age=300',
19 verbose headers   'content-length': '3053',
19 verbose headers   'accept-ranges': 'bytes',
19 verbose headers   date: 'Thu, 11 May 2017 17:09:36 GMT',
19 verbose headers   via: '1.1 varnish',
19 verbose headers   age: '0',
19 verbose headers   connection: 'keep-alive',
19 verbose headers   'x-served-by': 'cache-lhr6321-LHR',
19 verbose headers   'x-cache': 'HIT',
19 verbose headers   'x-cache-hits': '1',
19 verbose headers   'x-timer': 'S1494522577.971973,VS0,VE18',
19 verbose headers   vary: 'Accept-Encoding' }
20 silly get cb [ 200,
20 silly get   { server: 'nginx/1.10.1',
20 silly get     'content-type': 'application/json',
20 silly get     'last-modified': 'Mon, 17 Apr 2017 15:10:54 GMT',
20 silly get     etag: 'W/"58f4dafe-56ea"',
20 silly get     'content-encoding': 'gzip',
20 silly get     'cache-control': 'max-age=300',
20 silly get     'content-length': '3053',
20 silly get     'accept-ranges': 'bytes',
20 silly get     date: 'Thu, 11 May 2017 17:09:36 GMT',
20 silly get     via: '1.1 varnish',
20 silly get     age: '0',
20 silly get     connection: 'keep-alive',
20 silly get     'x-served-by': 'cache-lhr6321-LHR',
20 silly get     'x-cache': 'HIT',
20 silly get     'x-cache-hits': '1',
20 silly get     'x-timer': 'S1494522577.971973,VS0,VE18',
20 silly get     vary: 'Accept-Encoding' } ]
21 verbose get saving sleep to /root/.npm/registry.npmjs.org/sleep/.cache.json
22 silly install normalizeTree
23 silly loadCurrentTree Finishing
24 silly loadIdealTree Starting
25 silly install loadIdealTree
26 silly cloneCurrentTree Starting
27 silly install cloneCurrentTreeToIdealTree
28 silly cloneCurrentTree Finishing
29 silly loadShrinkwrap Starting
30 silly install loadShrinkwrap
31 silly loadShrinkwrap Finishing
32 silly loadAllDepsIntoIdealTree Starting
33 silly install loadAllDepsIntoIdealTree
34 silly resolveWithNewModule sleep@5.1.1 checking installable status
35 silly cache add args [ 'sleep', null ]
36 verbose cache add spec sleep
37 silly cache add parsed spec Result {
37 silly cache add   raw: 'sleep',
37 silly cache add   scope: null,
37 silly cache add   name: 'sleep',
37 silly cache add   rawSpec: '',
37 silly cache add   spec: 'latest',
37 silly cache add   type: 'tag' }
38 silly addNamed sleep@latest
39 verbose addNamed "latest" is being treated as a dist-tag for sleep
40 info addNameTag [ 'sleep', 'latest' ]
41 silly mapToRegistry name sleep
42 silly mapToRegistry using default registry
43 silly mapToRegistry registry https://registry.npmjs.org/
44 silly mapToRegistry uri https://registry.npmjs.org/sleep
45 verbose addNameTag registry:https://registry.npmjs.org/sleep not in flight; fetching
46 verbose get https://registry.npmjs.org/sleep not expired, no request
47 silly addNameTag next cb for sleep with tag latest
48 silly addNamed sleep@5.1.1
49 verbose addNamed "5.1.1" is a plain semver version for sleep
50 silly mapToRegistry name sleep
51 silly mapToRegistry using default registry
52 silly mapToRegistry registry https://registry.npmjs.org/
53 silly mapToRegistry uri https://registry.npmjs.org/sleep
54 verbose addRemoteTarball https://registry.npmjs.org/sleep/-/sleep-5.1.1.tgz not in flight; adding
55 verbose addRemoteTarball [ 'https://registry.npmjs.org/sleep/-/sleep-5.1.1.tgz',
55 verbose addRemoteTarball   '878fa1d44d08eeb0f26fb2018ef8629eb1a3ab94' ]
56 info retry fetch attempt 1 at 5:09:37 PM
57 info attempt registry request try #1 at 5:09:37 PM
58 http fetch GET https://registry.npmjs.org/sleep/-/sleep-5.1.1.tgz
59 http fetch 200 https://registry.npmjs.org/sleep/-/sleep-5.1.1.tgz
60 silly fetchAndShaCheck shasum 878fa1d44d08eeb0f26fb2018ef8629eb1a3ab94
61 verbose addTmpTarball /tmp/npm-9300-7e45a741/registry.npmjs.org/sleep/-/sleep-5.1.1.tgz not in flight; adding
62 verbose addTmpTarball already have metadata; skipping unpack for sleep@5.1.1
63 silly cache afterAdd sleep@5.1.1
64 verbose afterAdd /root/.npm/sleep/5.1.1/package/package.json not in flight; writing
65 verbose afterAdd /root/.npm/sleep/5.1.1/package/package.json written
66 silly fetchNamedPackageData nan
67 silly mapToRegistry name nan
68 silly mapToRegistry using default registry
69 silly mapToRegistry registry https://registry.npmjs.org/
70 silly mapToRegistry uri https://registry.npmjs.org/nan
71 verbose request uri https://registry.npmjs.org/nan
72 verbose request no auth needed
73 info attempt registry request try #1 at 5:09:37 PM
74 verbose etag W/"58a44b6b-1df62"
75 verbose lastModified Wed, 15 Feb 2017 12:36:59 GMT
76 http request GET https://registry.npmjs.org/nan
77 http 200 https://registry.npmjs.org/nan
78 verbose headers { server: 'nginx/1.10.1',
78 verbose headers   'content-type': 'application/json',
78 verbose headers   'last-modified': 'Wed, 12 Apr 2017 20:38:38 GMT',
78 verbose headers   etag: 'W/"58ee904e-1f9bf"',
78 verbose headers   'content-encoding': 'gzip',
78 verbose headers   'cache-control': 'max-age=300',
78 verbose headers   'content-length': '15200',
78 verbose headers   'accept-ranges': 'bytes',
78 verbose headers   date: 'Thu, 11 May 2017 17:09:37 GMT',
78 verbose headers   via: '1.1 varnish',
78 verbose headers   age: '280',
78 verbose headers   connection: 'keep-alive',
78 verbose headers   'x-served-by': 'cache-lhr6322-LHR',
78 verbose headers   'x-cache': 'HIT',
78 verbose headers   'x-cache-hits': '19',
78 verbose headers   'x-timer': 'S1494522577.293616,VS0,VE0',
78 verbose headers   vary: 'Accept-Encoding' }
79 silly get cb [ 200,
79 silly get   { server: 'nginx/1.10.1',
79 silly get     'content-type': 'application/json',
79 silly get     'last-modified': 'Wed, 12 Apr 2017 20:38:38 GMT',
79 silly get     etag: 'W/"58ee904e-1f9bf"',
79 silly get     'content-encoding': 'gzip',
79 silly get     'cache-control': 'max-age=300',
79 silly get     'content-length': '15200',
79 silly get     'accept-ranges': 'bytes',
79 silly get     date: 'Thu, 11 May 2017 17:09:37 GMT',
79 silly get     via: '1.1 varnish',
79 silly get     age: '280',
79 silly get     connection: 'keep-alive',
79 silly get     'x-served-by': 'cache-lhr6322-LHR',
79 silly get     'x-cache': 'HIT',
79 silly get     'x-cache-hits': '19',
79 silly get     'x-timer': 'S1494522577.293616,VS0,VE0',
79 silly get     vary: 'Accept-Encoding' } ]
80 verbose get saving nan to /root/.npm/registry.npmjs.org/nan/.cache.json
81 silly resolveWithNewModule nan@2.6.2 checking installable status
82 silly cache add args [ 'nan@>=2.5.1', null ]
83 verbose cache add spec nan@>=2.5.1
84 silly cache add parsed spec Result {
84 silly cache add   raw: 'nan@>=2.5.1',
84 silly cache add   scope: null,
84 silly cache add   name: 'nan',
84 silly cache add   rawSpec: '>=2.5.1',
84 silly cache add   spec: '>=2.5.1',
84 silly cache add   type: 'range' }
85 silly addNamed nan@>=2.5.1
86 verbose addNamed ">=2.5.1" is a valid semver range for nan
87 silly addNameRange { name: 'nan', range: '>=2.5.1', hasData: false }
88 silly mapToRegistry name nan
89 silly mapToRegistry using default registry
90 silly mapToRegistry registry https://registry.npmjs.org/
91 silly mapToRegistry uri https://registry.npmjs.org/nan
92 verbose addNameRange registry:https://registry.npmjs.org/nan not in flight; fetching
93 verbose get https://registry.npmjs.org/nan not expired, no request
94 silly addNameRange number 2 { name: 'nan', range: '>=2.5.1', hasData: true }
95 silly addNameRange versions [ 'nan',
95 silly addNameRange   [ '0.3.0-wip',
95 silly addNameRange     '0.3.0-wip2',
95 silly addNameRange     '0.3.0',
95 silly addNameRange     '0.3.1',
95 silly addNameRange     '0.3.2',
95 silly addNameRange     '0.4.0',
95 silly addNameRange     '0.4.1',
95 silly addNameRange     '0.4.2',
95 silly addNameRange     '0.4.3',
95 silly addNameRange     '0.4.4',
95 silly addNameRange     '0.5.0',
95 silly addNameRange     '0.5.1',
95 silly addNameRange     '0.5.2',
95 silly addNameRange     '0.6.0',
95 silly addNameRange     '0.7.0',
95 silly addNameRange     '0.7.1',
95 silly addNameRange     '0.8.0',
95 silly addNameRange     '1.0.0',
95 silly addNameRange     '1.1.0',
95 silly addNameRange     '1.1.1',
95 silly addNameRange     '1.1.2',
95 silly addNameRange     '1.2.0',
95 silly addNameRange     '1.3.0',
95 silly addNameRange     '1.4.0',
95 silly addNameRange     '1.4.1',
95 silly addNameRange     '1.5.0',
95 silly addNameRange     '1.4.2',
95 silly addNameRange     '1.4.3',
95 silly addNameRange     '1.5.1',
95 silly addNameRange     '1.5.2',
95 silly addNameRange     '1.6.0',
95 silly addNameRange     '1.5.3',
95 silly addNameRange     '1.6.1',
95 silly addNameRange     '1.6.2',
95 silly addNameRange     '1.7.0',
95 silly addNameRange     '1.8.0',
95 silly addNameRange     '1.8.1',
95 silly addNameRange     '1.8.2',
95 silly addNameRange     '1.8.3',
95 silly addNameRange     '1.8.4',
95 silly addNameRange     '1.9.0',
95 silly addNameRange     '2.0.0',
95 silly addNameRange     '2.0.1',
95 silly addNameRange     '2.0.2',
95 silly addNameRange     '2.0.3',
95 silly addNameRange     '2.0.4',
95 silly addNameRange     '2.0.5',
95 silly addNameRange     '2.0.6',
95 silly addNameRange     '2.0.7',
95 silly addNameRange     '2.0.8',
95 silly addNameRange     '2.0.9',
95 silly addNameRange     '2.1.0',
95 silly addNameRange     '2.2.0',
95 silly addNameRange     '2.2.1',
95 silly addNameRange     '2.3.0',
95 silly addNameRange     '2.3.1',
95 silly addNameRange     '2.3.2',
95 silly addNameRange     '2.3.3',
95 silly addNameRange     '2.3.4',
95 silly addNameRange     '2.3.5',
95 silly addNameRange     '2.4.0',
95 silly addNameRange     '2.5.0',
95 silly addNameRange     '2.5.1',
95 silly addNameRange     '2.6.0',
95 silly addNameRange     '2.6.1',
95 silly addNameRange     '2.6.2' ] ]
96 silly addNamed nan@2.6.2
97 verbose addNamed "2.6.2" is a plain semver version for nan
98 silly mapToRegistry name nan
99 silly mapToRegistry using default registry
100 silly mapToRegistry registry https://registry.npmjs.org/
101 silly mapToRegistry uri https://registry.npmjs.org/nan
102 verbose addRemoteTarball https://registry.npmjs.org/nan/-/nan-2.6.2.tgz not in flight; adding
103 verbose addRemoteTarball [ 'https://registry.npmjs.org/nan/-/nan-2.6.2.tgz',
103 verbose addRemoteTarball   'e4ff34e6c95fdfb5aecc08de6596f43605a7db45' ]
104 info retry fetch attempt 1 at 5:09:37 PM
105 info attempt registry request try #1 at 5:09:37 PM
106 http fetch GET https://registry.npmjs.org/nan/-/nan-2.6.2.tgz
107 http fetch 200 https://registry.npmjs.org/nan/-/nan-2.6.2.tgz
108 silly fetchAndShaCheck shasum e4ff34e6c95fdfb5aecc08de6596f43605a7db45
109 verbose addTmpTarball /tmp/npm-9300-7e45a741/registry.npmjs.org/nan/-/nan-2.6.2.tgz not in flight; adding
110 verbose addTmpTarball already have metadata; skipping unpack for nan@2.6.2
111 silly cache afterAdd nan@2.6.2
112 verbose afterAdd /root/.npm/nan/2.6.2/package/package.json not in flight; writing
113 verbose afterAdd /root/.npm/nan/2.6.2/package/package.json written
114 silly loadAllDepsIntoIdealTree Finishing
115 silly idealTree:prePrune npm@1.0.0
115 silly idealTree:prePrune ├── accepts@1.3.3
115 silly idealTree:prePrune ├── after@0.8.2
115 silly idealTree:prePrune ├── array-flatten@1.1.1
115 silly idealTree:prePrune ├── arraybuffer.slice@0.0.6
115 silly idealTree:prePrune ├── backo2@1.0.2
115 silly idealTree:prePrune ├── base64-arraybuffer@0.1.5
115 silly idealTree:prePrune ├── base64id@1.0.0
115 silly idealTree:prePrune ├── better-assert@1.0.2
115 silly idealTree:prePrune ├── blob@0.0.4
115 silly idealTree:prePrune ├── bson@1.0.4
115 silly idealTree:prePrune ├── buffer-shims@1.0.0
115 silly idealTree:prePrune ├── callsite@1.0.0
115 silly idealTree:prePrune ├── component-bind@1.0.0
115 silly idealTree:prePrune ├── component-emitter@1.1.2
115 silly idealTree:prePrune ├── component-inherit@0.0.3
115 silly idealTree:prePrune ├── content-disposition@0.5.2
115 silly idealTree:prePrune ├── content-type@1.0.2
115 silly idealTree:prePrune ├── cookie-signature@1.0.6
115 silly idealTree:prePrune ├── cookie@0.3.1
115 silly idealTree:prePrune ├── core-util-is@1.0.2
115 silly idealTree:prePrune ├── debug@2.6.1
115 silly idealTree:prePrune ├── depd@1.1.0
115 silly idealTree:prePrune ├── destroy@1.0.4
115 silly idealTree:prePrune ├── ee-first@1.1.1
115 silly idealTree:prePrune ├── encodeurl@1.0.1
115 silly idealTree:prePrune ├─┬ engine.io-client@1.8.3
115 silly idealTree:prePrune │ ├── component-emitter@1.2.1
115 silly idealTree:prePrune │ └── debug@2.3.3
115 silly idealTree:prePrune ├── engine.io-parser@1.3.2
115 silly idealTree:prePrune ├─┬ engine.io@1.8.3
115 silly idealTree:prePrune │ └── debug@2.3.3
115 silly idealTree:prePrune ├── es6-promise@3.2.1
115 silly idealTree:prePrune ├── escape-html@1.0.3
115 silly idealTree:prePrune ├── etag@1.8.0
115 silly idealTree:prePrune ├── express@4.15.2
115 silly idealTree:prePrune ├── finalhandler@1.0.0
115 silly idealTree:prePrune ├── forwarded@0.1.0
115 silly idealTree:prePrune ├── fresh@0.5.0
115 silly idealTree:prePrune ├── graceful-fs@4.1.11
115 silly idealTree:prePrune ├── has-binary@0.1.7
115 silly idealTree:prePrune ├── has-cors@1.1.0
115 silly idealTree:prePrune ├── http-errors@1.6.1
115 silly idealTree:prePrune ├── indexof@0.0.1
115 silly idealTree:prePrune ├── inherits@2.0.3
115 silly idealTree:prePrune ├── ipaddr.js@1.2.0
115 silly idealTree:prePrune ├── isarray@0.0.1
115 silly idealTree:prePrune ├── json3@3.3.2
115 silly idealTree:prePrune ├── jsonfile@2.4.0
115 silly idealTree:prePrune ├── media-typer@0.3.0
115 silly idealTree:prePrune ├── merge-descriptors@1.0.1
115 silly idealTree:prePrune ├── methods@1.1.2
115 silly idealTree:prePrune ├── mime-db@1.26.0
115 silly idealTree:prePrune ├── mime-types@2.1.14
115 silly idealTree:prePrune ├── mime@1.3.4
115 silly idealTree:prePrune ├── mongodb-core@2.1.9
115 silly idealTree:prePrune ├── mongodb@2.2.25
115 silly idealTree:prePrune ├── ms@0.7.2
115 silly idealTree:prePrune ├── nan@2.6.2
115 silly idealTree:prePrune ├── negotiator@0.6.1
115 silly idealTree:prePrune ├── object-assign@4.1.0
115 silly idealTree:prePrune ├── object-component@0.0.3
115 silly idealTree:prePrune ├── on-finished@2.3.0
115 silly idealTree:prePrune ├── options@0.0.6
115 silly idealTree:prePrune ├── parsejson@0.0.3
115 silly idealTree:prePrune ├── parseqs@0.0.5
115 silly idealTree:prePrune ├── parseuri@0.0.5
115 silly idealTree:prePrune ├── parseurl@1.3.1
115 silly idealTree:prePrune ├── path-to-regexp@0.1.7
115 silly idealTree:prePrune ├── process-nextick-args@1.0.7
115 silly idealTree:prePrune ├── proxy-addr@1.1.3
115 silly idealTree:prePrune ├── qs@6.4.0
115 silly idealTree:prePrune ├── range-parser@1.2.0
115 silly idealTree:prePrune ├─┬ readable-stream@2.1.5
115 silly idealTree:prePrune │ └── isarray@1.0.0
115 silly idealTree:prePrune ├── require_optional@1.0.0
115 silly idealTree:prePrune ├── resolve-from@2.0.0
115 silly idealTree:prePrune ├── semver@5.3.0
115 silly idealTree:prePrune ├── send@0.15.1
115 silly idealTree:prePrune ├── serve-static@1.12.1
115 silly idealTree:prePrune ├── setprototypeof@1.0.3
115 silly idealTree:prePrune ├── sleep@5.1.1
115 silly idealTree:prePrune ├─┬ socket.io-adapter@0.5.0
115 silly idealTree:prePrune │ └── debug@2.3.3
115 silly idealTree:prePrune ├─┬ socket.io-client@1.7.3
115 silly idealTree:prePrune │ ├── component-emitter@1.2.1
115 silly idealTree:prePrune │ └── debug@2.3.3
115 silly idealTree:prePrune ├─┬ socket.io-parser@2.3.1
115 silly idealTree:prePrune │ ├── debug@2.2.0
115 silly idealTree:prePrune │ └── ms@0.7.1
115 silly idealTree:prePrune ├─┬ socket.io@1.7.3
115 silly idealTree:prePrune │ └── debug@2.3.3
115 silly idealTree:prePrune ├── statuses@1.3.1
115 silly idealTree:prePrune ├── string_decoder@0.10.31
115 silly idealTree:prePrune ├── to-array@0.1.4
115 silly idealTree:prePrune ├── type-is@1.6.14
115 silly idealTree:prePrune ├── ultron@1.0.2
115 silly idealTree:prePrune ├── unpipe@1.0.0
115 silly idealTree:prePrune ├── util-deprecate@1.0.2
115 silly idealTree:prePrune ├── utils-merge@1.0.0
115 silly idealTree:prePrune ├── vary@1.1.0
115 silly idealTree:prePrune ├── ws@1.1.2
115 silly idealTree:prePrune ├── wtf-8@1.0.0
115 silly idealTree:prePrune ├── xmlhttprequest-ssl@1.5.3
115 silly idealTree:prePrune ├── xmlhttprequest@1.8.0
115 silly idealTree:prePrune └── yeast@0.1.2
116 silly loadIdealTree Finishing
117 silly currentTree npm@1.0.0
117 silly currentTree ├── accepts@1.3.3
117 silly currentTree ├── after@0.8.2
117 silly currentTree ├── array-flatten@1.1.1
117 silly currentTree ├── arraybuffer.slice@0.0.6
117 silly currentTree ├── backo2@1.0.2
117 silly currentTree ├── base64-arraybuffer@0.1.5
117 silly currentTree ├── base64id@1.0.0
117 silly currentTree ├── better-assert@1.0.2
117 silly currentTree ├── blob@0.0.4
117 silly currentTree ├── bson@1.0.4
117 silly currentTree ├── buffer-shims@1.0.0
117 silly currentTree ├── callsite@1.0.0
117 silly currentTree ├── component-bind@1.0.0
117 silly currentTree ├── component-emitter@1.1.2
117 silly currentTree ├── component-inherit@0.0.3
117 silly currentTree ├── content-disposition@0.5.2
117 silly currentTree ├── content-type@1.0.2
117 silly currentTree ├── cookie-signature@1.0.6
117 silly currentTree ├── cookie@0.3.1
117 silly currentTree ├── core-util-is@1.0.2
117 silly currentTree ├── debug@2.6.1
117 silly currentTree ├── depd@1.1.0
117 silly currentTree ├── destroy@1.0.4
117 silly currentTree ├── ee-first@1.1.1
117 silly currentTree ├── encodeurl@1.0.1
117 silly currentTree ├─┬ engine.io-client@1.8.3
117 silly currentTree │ ├── component-emitter@1.2.1
117 silly currentTree │ └── debug@2.3.3
117 silly currentTree ├── engine.io-parser@1.3.2
117 silly currentTree ├─┬ engine.io@1.8.3
117 silly currentTree │ └── debug@2.3.3
117 silly currentTree ├── es6-promise@3.2.1
117 silly currentTree ├── escape-html@1.0.3
117 silly currentTree ├── etag@1.8.0
117 silly currentTree ├── express@4.15.2
117 silly currentTree ├── finalhandler@1.0.0
117 silly currentTree ├── forwarded@0.1.0
117 silly currentTree ├── fresh@0.5.0
117 silly currentTree ├── graceful-fs@4.1.11
117 silly currentTree ├── has-binary@0.1.7
117 silly currentTree ├── has-cors@1.1.0
117 silly currentTree ├── http-errors@1.6.1
117 silly currentTree ├── indexof@0.0.1
117 silly currentTree ├── inherits@2.0.3
117 silly currentTree ├── ipaddr.js@1.2.0
117 silly currentTree ├── isarray@0.0.1
117 silly currentTree ├── json3@3.3.2
117 silly currentTree ├── jsonfile@2.4.0
117 silly currentTree ├── media-typer@0.3.0
117 silly currentTree ├── merge-descriptors@1.0.1
117 silly currentTree ├── methods@1.1.2
117 silly currentTree ├── mime-db@1.26.0
117 silly currentTree ├── mime-types@2.1.14
117 silly currentTree ├── mime@1.3.4
117 silly currentTree ├── mongodb-core@2.1.9
117 silly currentTree ├── mongodb@2.2.25
117 silly currentTree ├── ms@0.7.2
117 silly currentTree ├── negotiator@0.6.1
117 silly currentTree ├── object-assign@4.1.0
117 silly currentTree ├── object-component@0.0.3
117 silly currentTree ├── on-finished@2.3.0
117 silly currentTree ├── options@0.0.6
117 silly currentTree ├── parsejson@0.0.3
117 silly currentTree ├── parseqs@0.0.5
117 silly currentTree ├── parseuri@0.0.5
117 silly currentTree ├── parseurl@1.3.1
117 silly currentTree ├── path-to-regexp@0.1.7
117 silly currentTree ├── process-nextick-args@1.0.7
117 silly currentTree ├── proxy-addr@1.1.3
117 silly currentTree ├── qs@6.4.0
117 silly currentTree ├── range-parser@1.2.0
117 silly currentTree ├─┬ readable-stream@2.1.5
117 silly currentTree │ └── isarray@1.0.0
117 silly currentTree ├── require_optional@1.0.0
117 silly currentTree ├── resolve-from@2.0.0
117 silly currentTree ├── semver@5.3.0
117 silly currentTree ├── send@0.15.1
117 silly currentTree ├── serve-static@1.12.1
117 silly currentTree ├── setprototypeof@1.0.3
117 silly currentTree ├─┬ socket.io-adapter@0.5.0
117 silly currentTree │ └── debug@2.3.3
117 silly currentTree ├─┬ socket.io-client@1.7.3
117 silly currentTree │ ├── component-emitter@1.2.1
117 silly currentTree │ └── debug@2.3.3
117 silly currentTree ├─┬ socket.io-parser@2.3.1
117 silly currentTree │ ├── debug@2.2.0
117 silly currentTree │ └── ms@0.7.1
117 silly currentTree ├─┬ socket.io@1.7.3
117 silly currentTree │ └── debug@2.3.3
117 silly currentTree ├── statuses@1.3.1
117 silly currentTree ├── string_decoder@0.10.31
117 silly currentTree ├── to-array@0.1.4
117 silly currentTree ├── type-is@1.6.14
117 silly currentTree ├── ultron@1.0.2
117 silly currentTree ├── unpipe@1.0.0
117 silly currentTree ├── util-deprecate@1.0.2
117 silly currentTree ├── utils-merge@1.0.0
117 silly currentTree ├── vary@1.1.0
117 silly currentTree ├── ws@1.1.2
117 silly currentTree ├── wtf-8@1.0.0
117 silly currentTree ├── xmlhttprequest-ssl@1.5.3
117 silly currentTree ├── xmlhttprequest@1.8.0
117 silly currentTree └── yeast@0.1.2
118 silly idealTree npm@1.0.0
118 silly idealTree ├── accepts@1.3.3
118 silly idealTree ├── after@0.8.2
118 silly idealTree ├── array-flatten@1.1.1
118 silly idealTree ├── arraybuffer.slice@0.0.6
118 silly idealTree ├── backo2@1.0.2
118 silly idealTree ├── base64-arraybuffer@0.1.5
118 silly idealTree ├── base64id@1.0.0
118 silly idealTree ├── better-assert@1.0.2
118 silly idealTree ├── blob@0.0.4
118 silly idealTree ├── bson@1.0.4
118 silly idealTree ├── buffer-shims@1.0.0
118 silly idealTree ├── callsite@1.0.0
118 silly idealTree ├── component-bind@1.0.0
118 silly idealTree ├── component-emitter@1.1.2
118 silly idealTree ├── component-inherit@0.0.3
118 silly idealTree ├── content-disposition@0.5.2
118 silly idealTree ├── content-type@1.0.2
118 silly idealTree ├── cookie-signature@1.0.6
118 silly idealTree ├── cookie@0.3.1
118 silly idealTree ├── core-util-is@1.0.2
118 silly idealTree ├── debug@2.6.1
118 silly idealTree ├── depd@1.1.0
118 silly idealTree ├── destroy@1.0.4
118 silly idealTree ├── ee-first@1.1.1
118 silly idealTree ├── encodeurl@1.0.1
118 silly idealTree ├─┬ engine.io-client@1.8.3
118 silly idealTree │ ├── component-emitter@1.2.1
118 silly idealTree │ └── debug@2.3.3
118 silly idealTree ├── engine.io-parser@1.3.2
118 silly idealTree ├─┬ engine.io@1.8.3
118 silly idealTree │ └── debug@2.3.3
118 silly idealTree ├── es6-promise@3.2.1
118 silly idealTree ├── escape-html@1.0.3
118 silly idealTree ├── etag@1.8.0
118 silly idealTree ├── express@4.15.2
118 silly idealTree ├── finalhandler@1.0.0
118 silly idealTree ├── forwarded@0.1.0
118 silly idealTree ├── fresh@0.5.0
118 silly idealTree ├── graceful-fs@4.1.11
118 silly idealTree ├── has-binary@0.1.7
118 silly idealTree ├── has-cors@1.1.0
118 silly idealTree ├── http-errors@1.6.1
118 silly idealTree ├── indexof@0.0.1
118 silly idealTree ├── inherits@2.0.3
118 silly idealTree ├── ipaddr.js@1.2.0
118 silly idealTree ├── isarray@0.0.1
118 silly idealTree ├── json3@3.3.2
118 silly idealTree ├── jsonfile@2.4.0
118 silly idealTree ├── media-typer@0.3.0
118 silly idealTree ├── merge-descriptors@1.0.1
118 silly idealTree ├── methods@1.1.2
118 silly idealTree ├── mime-db@1.26.0
118 silly idealTree ├── mime-types@2.1.14
118 silly idealTree ├── mime@1.3.4
118 silly idealTree ├── mongodb-core@2.1.9
118 silly idealTree ├── mongodb@2.2.25
118 silly idealTree ├── ms@0.7.2
118 silly idealTree ├── nan@2.6.2
118 silly idealTree ├── negotiator@0.6.1
118 silly idealTree ├── object-assign@4.1.0
118 silly idealTree ├── object-component@0.0.3
118 silly idealTree ├── on-finished@2.3.0
118 silly idealTree ├── options@0.0.6
118 silly idealTree ├── parsejson@0.0.3
118 silly idealTree ├── parseqs@0.0.5
118 silly idealTree ├── parseuri@0.0.5
118 silly idealTree ├── parseurl@1.3.1
118 silly idealTree ├── path-to-regexp@0.1.7
118 silly idealTree ├── process-nextick-args@1.0.7
118 silly idealTree ├── proxy-addr@1.1.3
118 silly idealTree ├── qs@6.4.0
118 silly idealTree ├── range-parser@1.2.0
118 silly idealTree ├─┬ readable-stream@2.1.5
118 silly idealTree │ └── isarray@1.0.0
118 silly idealTree ├── require_optional@1.0.0
118 silly idealTree ├── resolve-from@2.0.0
118 silly idealTree ├── semver@5.3.0
118 silly idealTree ├── send@0.15.1
118 silly idealTree ├── serve-static@1.12.1
118 silly idealTree ├── setprototypeof@1.0.3
118 silly idealTree ├── sleep@5.1.1
118 silly idealTree ├─┬ socket.io-adapter@0.5.0
118 silly idealTree │ └── debug@2.3.3
118 silly idealTree ├─┬ socket.io-client@1.7.3
118 silly idealTree │ ├── component-emitter@1.2.1
118 silly idealTree │ └── debug@2.3.3
118 silly idealTree ├─┬ socket.io-parser@2.3.1
118 silly idealTree │ ├── debug@2.2.0
118 silly idealTree │ └── ms@0.7.1
118 silly idealTree ├─┬ socket.io@1.7.3
118 silly idealTree │ └── debug@2.3.3
118 silly idealTree ├── statuses@1.3.1
118 silly idealTree ├── string_decoder@0.10.31
118 silly idealTree ├── to-array@0.1.4
118 silly idealTree ├── type-is@1.6.14
118 silly idealTree ├── ultron@1.0.2
118 silly idealTree ├── unpipe@1.0.0
118 silly idealTree ├── util-deprecate@1.0.2
118 silly idealTree ├── utils-merge@1.0.0
118 silly idealTree ├── vary@1.1.0
118 silly idealTree ├── ws@1.1.2
118 silly idealTree ├── wtf-8@1.0.0
118 silly idealTree ├── xmlhttprequest-ssl@1.5.3
118 silly idealTree ├── xmlhttprequest@1.8.0
118 silly idealTree └── yeast@0.1.2
119 silly generateActionsToTake Starting
120 silly install generateActionsToTake
121 silly generateActionsToTake Finishing
122 silly diffTrees action count 2
123 silly diffTrees add nan@2.6.2
124 silly diffTrees add sleep@5.1.1
125 silly decomposeActions action count 16
126 silly decomposeActions fetch nan@2.6.2
127 silly decomposeActions extract nan@2.6.2
128 silly decomposeActions test nan@2.6.2
129 silly decomposeActions preinstall nan@2.6.2
130 silly decomposeActions build nan@2.6.2
131 silly decomposeActions install nan@2.6.2
132 silly decomposeActions postinstall nan@2.6.2
133 silly decomposeActions finalize nan@2.6.2
134 silly decomposeActions fetch sleep@5.1.1
135 silly decomposeActions extract sleep@5.1.1
136 silly decomposeActions test sleep@5.1.1
137 silly decomposeActions preinstall sleep@5.1.1
138 silly decomposeActions build sleep@5.1.1
139 silly decomposeActions install sleep@5.1.1
140 silly decomposeActions postinstall sleep@5.1.1
141 silly decomposeActions finalize sleep@5.1.1
142 silly executeActions Starting
143 silly install executeActions
144 silly doSerial global-install 0
145 silly doParallel fetch 2
146 verbose lock using /root/.npm/_locks/staging-bd23a3753d66b084.lock for /root/documents/group_project/G52GRP_TEAM33_2016_BREAKING_BYTES/Website/node_modules/.staging
147 silly doParallel extract 2
148 silly extract nan@2.6.2
149 silly extract sleep@5.1.1
150 verbose unbuild node_modules/.staging/nan-e81b362d
151 verbose unbuild node_modules/.staging/sleep-d0cd1b25
152 silly gentlyRm /root/documents/group_project/G52GRP_TEAM33_2016_BREAKING_BYTES/Website/node_modules/.staging/nan-e81b362d is being purged from base /root/documents/group_project/G52GRP_TEAM33_2016_BREAKING_BYTES/Website
153 verbose gentlyRm don't care about contents; nuking /root/documents/group_project/G52GRP_TEAM33_2016_BREAKING_BYTES/Website/node_modules/.staging/nan-e81b362d
154 silly gentlyRm /root/documents/group_project/G52GRP_TEAM33_2016_BREAKING_BYTES/Website/node_modules/.staging/sleep-d0cd1b25 is being purged from base /root/documents/group_project/G52GRP_TEAM33_2016_BREAKING_BYTES/Website
155 verbose gentlyRm don't care about contents; nuking /root/documents/group_project/G52GRP_TEAM33_2016_BREAKING_BYTES/Website/node_modules/.staging/sleep-d0cd1b25
156 verbose tar unpack /root/.npm/nan/2.6.2/package.tgz
157 verbose tar unpacking to /root/documents/group_project/G52GRP_TEAM33_2016_BREAKING_BYTES/Website/node_modules/.staging/nan-e81b362d
158 silly gentlyRm /root/documents/group_project/G52GRP_TEAM33_2016_BREAKING_BYTES/Website/node_modules/.staging/nan-e81b362d is being purged
159 verbose gentlyRm don't care about contents; nuking /root/documents/group_project/G52GRP_TEAM33_2016_BREAKING_BYTES/Website/node_modules/.staging/nan-e81b362d
160 verbose tar unpack /root/.npm/sleep/5.1.1/package.tgz
161 verbose tar unpacking to /root/documents/group_project/G52GRP_TEAM33_2016_BREAKING_BYTES/Website/node_modules/.staging/sleep-d0cd1b25
162 silly gentlyRm /root/documents/group_project/G52GRP_TEAM33_2016_BREAKING_BYTES/Website/node_modules/.staging/sleep-d0cd1b25 is being purged
163 verbose gentlyRm don't care about contents; nuking /root/documents/group_project/G52GRP_TEAM33_2016_BREAKING_BYTES/Website/node_modules/.staging/sleep-d0cd1b25
164 silly gunzTarPerm modes [ '755', '644' ]
165 silly gunzTarPerm modes [ '755', '644' ]
166 silly gunzTarPerm extractEntry package.json
167 silly gunzTarPerm modified mode [ 'package.json', 436, 420 ]
168 silly gunzTarPerm extractEntry package.json
169 silly gunzTarPerm modified mode [ 'package.json', 436, 420 ]
170 silly gunzTarPerm extractEntry README.md
171 silly gunzTarPerm modified mode [ 'README.md', 436, 420 ]
172 silly gunzTarPerm extractEntry include_dirs.js
173 silly gunzTarPerm modified mode [ 'include_dirs.js', 436, 420 ]
174 silly gunzTarPerm extractEntry .npmignore
175 silly gunzTarPerm modified mode [ '.npmignore', 436, 420 ]
176 silly gunzTarPerm extractEntry README.md
177 silly gunzTarPerm modified mode [ 'README.md', 436, 420 ]
178 silly gunzTarPerm extractEntry nan_converters_43_inl.h
179 silly gunzTarPerm modified mode [ 'nan_converters_43_inl.h', 436, 420 ]
180 silly gunzTarPerm extractEntry LICENSE.md
181 silly gunzTarPerm modified mode [ 'LICENSE.md', 436, 420 ]
182 silly gunzTarPerm extractEntry doc/new.md
183 silly gunzTarPerm modified mode [ 'doc/new.md', 436, 420 ]
184 silly gunzTarPerm extractEntry test.js
185 silly gunzTarPerm modified mode [ 'test.js', 436, 420 ]
186 silly gunzTarPerm extractEntry index.js
187 silly gunzTarPerm modified mode [ 'index.js', 436, 420 ]
188 silly gunzTarPerm extractEntry doc/asyncworker.md
189 silly gunzTarPerm modified mode [ 'doc/asyncworker.md', 436, 420 ]
190 silly gunzTarPerm extractEntry LICENSE.txt
191 silly gunzTarPerm modified mode [ 'LICENSE.txt', 436, 420 ]
192 silly gunzTarPerm extractEntry sleep.cc
193 silly gunzTarPerm modified mode [ 'sleep.cc', 436, 420 ]
194 silly gunzTarPerm extractEntry doc/callback.md
195 silly gunzTarPerm modified mode [ 'doc/callback.md', 436, 420 ]
196 silly gunzTarPerm extractEntry doc/converters.md
197 silly gunzTarPerm modified mode [ 'doc/converters.md', 436, 420 ]
198 silly gunzTarPerm extractEntry binding.gyp
199 silly gunzTarPerm modified mode [ 'binding.gyp', 436, 420 ]
200 silly gunzTarPerm extractEntry doc/errors.md
201 silly gunzTarPerm modified mode [ 'doc/errors.md', 436, 420 ]
202 silly gunzTarPerm extractEntry doc/json.md
203 silly gunzTarPerm modified mode [ 'doc/json.md', 436, 420 ]
204 silly gunzTarPerm extractEntry doc/maybe_types.md
205 silly gunzTarPerm modified mode [ 'doc/maybe_types.md', 436, 420 ]
206 silly gunzTarPerm extractEntry doc/methods.md
207 silly gunzTarPerm modified mode [ 'doc/methods.md', 436, 420 ]
208 silly gunzTarPerm extractEntry doc/buffers.md
209 silly gunzTarPerm modified mode [ 'doc/buffers.md', 436, 420 ]
210 silly gunzTarPerm extractEntry doc/node_misc.md
211 silly gunzTarPerm modified mode [ 'doc/node_misc.md', 436, 420 ]
212 silly gunzTarPerm extractEntry doc/object_wrappers.md
213 silly gunzTarPerm modified mode [ 'doc/object_wrappers.md', 436, 420 ]
214 silly gunzTarPerm extractEntry doc/persistent.md
215 silly gunzTarPerm modified mode [ 'doc/persistent.md', 436, 420 ]
216 silly gunzTarPerm extractEntry doc/scopes.md
217 silly gunzTarPerm modified mode [ 'doc/scopes.md', 436, 420 ]
218 silly gunzTarPerm extractEntry doc/script.md
219 silly gunzTarPerm modified mode [ 'doc/script.md', 436, 420 ]
220 silly gunzTarPerm extractEntry doc/string_bytes.md
221 silly gunzTarPerm modified mode [ 'doc/string_bytes.md', 436, 420 ]
222 silly gunzTarPerm extractEntry doc/v8_internals.md
223 silly gunzTarPerm modified mode [ 'doc/v8_internals.md', 436, 420 ]
224 silly gentlyRm /root/documents/group_project/G52GRP_TEAM33_2016_BREAKING_BYTES/Website/node_modules/.staging/sleep-d0cd1b25/node_modules is being purged
225 verbose gentlyRm don't care about contents; nuking /root/documents/group_project/G52GRP_TEAM33_2016_BREAKING_BYTES/Website/node_modules/.staging/sleep-d0cd1b25/node_modules
226 silly gunzTarPerm extractEntry doc/v8_misc.md
227 silly gunzTarPerm modified mode [ 'doc/v8_misc.md', 436, 420 ]
228 silly gunzTarPerm extractEntry nan.h
229 silly gunzTarPerm modified mode [ 'nan.h', 436, 420 ]
230 silly gunzTarPerm extractEntry nan_callbacks.h
231 silly gunzTarPerm modified mode [ 'nan_callbacks.h', 436, 420 ]
232 silly gunzTarPerm extractEntry nan_callbacks_12_inl.h
233 silly gunzTarPerm modified mode [ 'nan_callbacks_12_inl.h', 436, 420 ]
234 silly gunzTarPerm extractEntry nan_callbacks_pre_12_inl.h
235 silly gunzTarPerm modified mode [ 'nan_callbacks_pre_12_inl.h', 436, 420 ]
236 silly gunzTarPerm extractEntry nan_converters.h
237 silly gunzTarPerm modified mode [ 'nan_converters.h', 436, 420 ]
238 silly gunzTarPerm extractEntry nan_converters_pre_43_inl.h
239 silly gunzTarPerm modified mode [ 'nan_converters_pre_43_inl.h', 436, 420 ]
240 silly gunzTarPerm extractEntry nan_implementation_12_inl.h
241 silly gunzTarPerm modified mode [ 'nan_implementation_12_inl.h', 436, 420 ]
242 silly gunzTarPerm extractEntry nan_implementation_pre_12_inl.h
243 silly gunzTarPerm modified mode [ 'nan_implementation_pre_12_inl.h', 436, 420 ]
244 silly gunzTarPerm extractEntry nan_json.h
245 silly gunzTarPerm modified mode [ 'nan_json.h', 436, 420 ]
246 silly gunzTarPerm extractEntry nan_maybe_43_inl.h
247 silly gunzTarPerm modified mode [ 'nan_maybe_43_inl.h', 436, 420 ]
248 silly gunzTarPerm extractEntry nan_maybe_pre_43_inl.h
249 silly gunzTarPerm modified mode [ 'nan_maybe_pre_43_inl.h', 436, 420 ]
250 silly gunzTarPerm extractEntry nan_new.h
251 silly gunzTarPerm modified mode [ 'nan_new.h', 436, 420 ]
252 silly gunzTarPerm extractEntry nan_object_wrap.h
253 silly gunzTarPerm modified mode [ 'nan_object_wrap.h', 436, 420 ]
254 silly gunzTarPerm extractEntry nan_persistent_12_inl.h
255 silly gunzTarPerm modified mode [ 'nan_persistent_12_inl.h', 436, 420 ]
256 silly gunzTarPerm extractEntry nan_persistent_pre_12_inl.h
257 silly gunzTarPerm modified mode [ 'nan_persistent_pre_12_inl.h', 436, 420 ]
258 silly gunzTarPerm extractEntry nan_private.h
259 silly gunzTarPerm modified mode [ 'nan_private.h', 436, 420 ]
260 silly gunzTarPerm extractEntry nan_string_bytes.h
261 silly gunzTarPerm modified mode [ 'nan_string_bytes.h', 436, 420 ]
262 silly gunzTarPerm extractEntry nan_typedarray_contents.h
263 silly gunzTarPerm modified mode [ 'nan_typedarray_contents.h', 436, 420 ]
264 silly gunzTarPerm extractEntry nan_weak.h
265 silly gunzTarPerm modified mode [ 'nan_weak.h', 436, 420 ]
266 silly gunzTarPerm extractEntry CHANGELOG.md
267 silly gunzTarPerm modified mode [ 'CHANGELOG.md', 436, 420 ]
268 silly gunzTarPerm extractEntry tools/package.json
269 silly gunzTarPerm modified mode [ 'tools/package.json', 436, 420 ]
270 silly gunzTarPerm extractEntry tools/README.md
271 silly gunzTarPerm modified mode [ 'tools/README.md', 436, 420 ]
272 silly gunzTarPerm extractEntry tools/1to2.js
273 silly gunzTarPerm modified mode [ 'tools/1to2.js', 509, 493 ]
274 silly gentlyRm /root/documents/group_project/G52GRP_TEAM33_2016_BREAKING_BYTES/Website/node_modules/.staging/nan-e81b362d/node_modules is being purged
275 verbose gentlyRm don't care about contents; nuking /root/documents/group_project/G52GRP_TEAM33_2016_BREAKING_BYTES/Website/node_modules/.staging/nan-e81b362d/node_modules
276 silly doParallel preinstall 2
277 silly preinstall nan@2.6.2 /root/documents/group_project/G52GRP_TEAM33_2016_BREAKING_BYTES/Website/node_modules/.staging/nan-e81b362d
278 info lifecycle nan@2.6.2~preinstall: nan@2.6.2
279 silly preinstall sleep@5.1.1 /root/documents/group_project/G52GRP_TEAM33_2016_BREAKING_BYTES/Website/node_modules/.staging/sleep-d0cd1b25
280 info lifecycle sleep@5.1.1~preinstall: sleep@5.1.1
281 silly lifecycle nan@2.6.2~preinstall: no script for preinstall, continuing
282 silly lifecycle sleep@5.1.1~preinstall: no script for preinstall, continuing
283 silly doReverseSerial remove 0
284 silly doSerial move 0
285 silly doSerial finalize 2
286 silly finalize /root/documents/group_project/G52GRP_TEAM33_2016_BREAKING_BYTES/Website/node_modules/nan
287 silly finalize /root/documents/group_project/G52GRP_TEAM33_2016_BREAKING_BYTES/Website/node_modules/sleep
288 silly doSerial build 2
289 silly build nan@2.6.2
290 info linkStuff nan@2.6.2
291 silly linkStuff nan@2.6.2 has /root/documents/group_project/G52GRP_TEAM33_2016_BREAKING_BYTES/Website/node_modules as its parent node_modules
292 verbose linkBins nan@2.6.2
293 verbose linkMans nan@2.6.2
294 silly build sleep@5.1.1
295 info linkStuff sleep@5.1.1
296 silly linkStuff sleep@5.1.1 has /root/documents/group_project/G52GRP_TEAM33_2016_BREAKING_BYTES/Website/node_modules as its parent node_modules
297 verbose linkBins sleep@5.1.1
298 verbose linkMans sleep@5.1.1
299 silly doSerial global-link 0
300 silly doParallel update-linked 0
301 silly doSerial install 2
302 silly install nan@2.6.2 /root/documents/group_project/G52GRP_TEAM33_2016_BREAKING_BYTES/Website/node_modules/.staging/nan-e81b362d
303 info lifecycle nan@2.6.2~install: nan@2.6.2
304 silly lifecycle nan@2.6.2~install: no script for install, continuing
305 silly install sleep@5.1.1 /root/documents/group_project/G52GRP_TEAM33_2016_BREAKING_BYTES/Website/node_modules/.staging/sleep-d0cd1b25
306 info lifecycle sleep@5.1.1~install: sleep@5.1.1
307 verbose lifecycle sleep@5.1.1~install: unsafe-perm in lifecycle false
308 verbose lifecycle sleep@5.1.1~install: PATH: /usr/share/npm/bin/node-gyp-bin:/root/documents/group_project/G52GRP_TEAM33_2016_BREAKING_BYTES/Website/node_modules/sleep/node_modules/.bin:/root/documents/group_project/G52GRP_TEAM33_2016_BREAKING_BYTES/Website/node_modules/.bin:/usr/local/sbin:/usr/local/bin:/usr/sbin:/usr/bin:/sbin:/bin:/usr/games:/usr/local/games:/root/Android/Sdk/tools
309 verbose lifecycle sleep@5.1.1~install: CWD: /root/documents/group_project/G52GRP_TEAM33_2016_BREAKING_BYTES/Website/node_modules/sleep
310 silly lifecycle sleep@5.1.1~install: Args: [ '-c', 'node-gyp rebuild' ]
311 silly lifecycle sleep@5.1.1~install: Returned: code: 1  signal: null
312 info lifecycle sleep@5.1.1~install: Failed to exec install script
313 verbose unlock done using /root/.npm/_locks/staging-bd23a3753d66b084.lock for /root/documents/group_project/G52GRP_TEAM33_2016_BREAKING_BYTES/Website/node_modules/.staging
314 silly rollbackFailedOptional Starting
315 silly rollbackFailedOptional Finishing
316 silly runTopLevelLifecycles Starting
317 silly runTopLevelLifecycles Finishing
318 silly install printInstalled
319 warn npm@1.0.0 No description
320 warn npm@1.0.0 No repository field.
321 verbose stack Error: sleep@5.1.1 install: `node-gyp rebuild`
321 verbose stack Exit status 1
321 verbose stack     at EventEmitter.<anonymous> (/usr/share/npm/lib/utils/lifecycle.js:232:16)
321 verbose stack     at emitTwo (events.js:87:13)
321 verbose stack     at EventEmitter.emit (events.js:172:7)
321 verbose stack     at ChildProcess.<anonymous> (/usr/share/npm/lib/utils/spawn.js:24:14)
321 verbose stack     at emitTwo (events.js:87:13)
321 verbose stack     at ChildProcess.emit (events.js:172:7)
321 verbose stack     at maybeClose (internal/child_process.js:821:16)
321 verbose stack     at Process.ChildProcess._handle.onexit (internal/child_process.js:211:5)
322 verbose pkgid sleep@5.1.1
323 verbose cwd /root/documents/group_project/G52GRP_TEAM33_2016_BREAKING_BYTES/Website/public/JavaScript
324 error Linux 4.4.0-38-generic
325 error argv "/usr/bin/nodejs" "/usr/bin/npm" "install" "sleep" "--save"
326 error node v4.2.6
327 error npm  v3.5.2
328 error code ELIFECYCLE
329 error sleep@5.1.1 install: `node-gyp rebuild`
329 error Exit status 1
330 error Failed at the sleep@5.1.1 install script 'node-gyp rebuild'.
330 error Make sure you have the latest version of node.js and npm installed.
330 error If you do, this is most likely a problem with the sleep package,
330 error not with npm itself.
330 error Tell the author that this fails on your system:
330 error     node-gyp rebuild
330 error You can get information on how to open an issue for this project with:
330 error     npm bugs sleep
330 error Or if that isn't available, you can get their info via:
330 error     npm owner ls sleep
330 error There is likely additional logging output above.
331 verbose exit [ 1, true ]
